<?xml version="1.0" encoding="UTF-8" ?>
<testsuite tests="12" failures="0" name="com.dkatalis.parkinglot.assignment.ParkingLotAppTest" time="0.037" errors="0" skipped="0">
  <properties>
[...]
</properties>
  <testcase classname="com.dkatalis.parkinglot.assignment.ParkingLotAppTest" name="createParkingLot" time="0.025"/>
  <testcase classname="com.dkatalis.parkinglot.assignment.ParkingLotAppTest" name="alreadyExistParkingLot" time="0.007"/>
  <testcase classname="com.dkatalis.parkinglot.assignment.ParkingLotAppTest" name="testWhenVehicleAlreadyPicked" time="0.001"/>
  <testcase classname="com.dkatalis.parkinglot.assignment.ParkingLotAppTest" name="testParkingLotIsFull" time="0.003"/>
  <testcase classname="com.dkatalis.parkinglot.assignment.ParkingLotAppTest" name="testNearestSlotAllotment" time="0"/>
  <testcase classname="com.dkatalis.parkinglot.assignment.ParkingLotAppTest" name="testGetSlotsByColor" time="0"/>
  <testcase classname="com.dkatalis.parkinglot.assignment.ParkingLotAppTest" name="testGetSlotsByRegNo" time="0"/>
  <testcase classname="com.dkatalis.parkinglot.assignment.ParkingLotAppTest" name="testParkingCapacity" time="0"/>
  <testcase classname="com.dkatalis.parkinglot.assignment.ParkingLotAppTest" name="leave" time="0"/>
  <testcase classname="com.dkatalis.parkinglot.assignment.ParkingLotAppTest" name="testWhenVehicleAlreadyPresent" time="0"/>
  <testcase classname="com.dkatalis.parkinglot.assignment.ParkingLotAppTest" name="testStatus" time="0.001"/>
  <testcase classname="com.dkatalis.parkinglot.assignment.ParkingLotAppTest" name="testEmptyParkingLot" time="0"/>
</testsuite>